----------------------------------------------------------------------------------------------------
------------------------------------ MegaLinter, by OX Security ------------------------------------
----------------------------------------------------------------------------------------------------
 - Image Creation Date: 2024-11-23T10:43:08Z
 - Image Revision: 1fc052d03c7a43c78fe0fee19c9d648b749e0c01
 - Image Version: v8.3.0
----------------------------------------------------------------------------------------------------
The MegaLinter documentation can be found at:
 - https://megalinter.io/8.3.0
----------------------------------------------------------------------------------------------------
::group::MegaLinter initialization (expand for details)
MegaLinter will analyze workspace [/github/workspace]
GITHUB_REPOSITORY: wesley-dean/routeros_ssl
GITHUB_REF: refs/pull/4/merge
GITHUB_RUN_ID: 12497536595


[Activation] ANSIBLE_ANSIBLE_LINT has been set inactive, as none of these files has been found: ['.ansible-lint']
[Activation] EDITORCONFIG_EDITORCONFIG_CHECKER has been set inactive, as none of these files has been found: ['.editorconfig']
[Activation] JAVASCRIPT_ES has been set inactive, as none of these files has been found: ['.eslintrc.json', '.eslintrc.yml', '.eslintrc.yaml', '.eslintrc.js', '.eslintrc.cjs', 'package.json:eslintConfig']
[Activation] JSON_NPM_PACKAGE_JSON_LINT has been set inactive, as none of these files has been found: ['package.json']
[Activation] JSX_ESLINT has been set inactive, as none of these files has been found: ['eslint.config.js', 'eslint.config.mjs', 'eslint.config.cjs', '.eslintrc.json', '.eslintrc.yml', '.eslintrc.yaml', '.eslintrc.js', '.eslintrc.cjs', 'package.json:eslintConfig']
[Activation] KUBERNETES_KUBECONFORM has been set inactive, as subdirectory has not been found: kubernetes (set value "any" to always activate)
[Activation] KUBERNETES_HELM has been set inactive, as none of these files has been found: ['Chart.yml', 'Chart.yaml']
[Activation] KUBERNETES_KUBESCAPE has been set inactive, as none of these files has been found: ['Chart.yml', 'Chart.yaml']
[Activation] REPOSITORY_LS_LINT has been set inactive, as none of these files has been found: ['.ls-lint.yml']
[SemgrepLinter] Deactivated because no ruleset has been defined
[Activation] SALESFORCE_SFDX_SCANNER_APEX has been set inactive, as subdirectory has not been found: force-app (set value "any" to always activate)
[Activation] SALESFORCE_SFDX_SCANNER_AURA has been set inactive, as subdirectory has not been found: force-app (set value "any" to always activate)
[Activation] SALESFORCE_SFDX_SCANNER_LWC has been set inactive, as subdirectory has not been found: force-app (set value "any" to always activate)
[Activation] SALESFORCE_LIGHTNING_FLOW_SCANNER has been set inactive, as subdirectory has not been found: force-app (set value "any" to always activate)
[Activation] SPELL_VALE has been set inactive, as none of these files has been found: ['.vale.ini']
[Activation] SQL_SQLFLUFF has been set inactive, as none of these files has been found: ['.sqlfluff']
[Activation] SWIFT_SWIFTLINT has been set inactive, as none of these files has been found: ['.swiftlint.yml']
[Activation] TSX_ESLINT has been set inactive, as none of these files has been found: ['.eslintrc.json', '.eslintrc.yml', '.eslintrc.yaml', '.eslintrc.js', '.eslintrc.cjs', 'package.json:eslintConfig']
[Activation] TYPESCRIPT_ES has been set inactive, as none of these files has been found: ['.eslintrc.json', '.eslintrc.yml', '.eslintrc.yaml', '.eslintrc.js', '.eslintrc.cjs', 'package.json:eslintConfig']
CLOJURE_CLJSTYLE has been disabled in MegaLinter for the following reason: Bug on cljstyle on alpine linux: https://github.com/greglook/cljstyle/issues/104
JSON_ESLINT_PLUGIN_JSONC has been disabled in MegaLinter for the following reason: Bug in eslint-plugin-jsonc : https://github.com/ota-meshi/eslint-plugin-jsonc/issues/328
MAKEFILE_CHECKMAKE has been disabled in MegaLinter for the following reason: Security issues: https://github.com/mrtazz/checkmake/issues/99
MARKDOWN_REMARK_LINT has been disabled in MegaLinter for the following reason: Bug in remark-lint: https://github.com/remarkjs/remark-lint/issues/322
Skipped linters: ANSIBLE_ANSIBLE_LINT, BASH_EXEC, CLOJURE_CLJSTYLE, COPYPASTE_JSCPD, EDITORCONFIG_EDITORCONFIG_CHECKER, JAVASCRIPT_ES, JAVASCRIPT_STANDARD, JSON_ESLINT_PLUGIN_JSONC, JSON_NPM_PACKAGE_JSON_LINT, JSX_ESLINT, KUBERNETES_HELM, KUBERNETES_KUBECONFORM, KUBERNETES_KUBESCAPE, MAKEFILE_CHECKMAKE, MARKDOWN_REMARK_LINT, REPOSITORY_DEVSKIM, REPOSITORY_LS_LINT, REPOSITORY_SEMGREP, SALESFORCE_LIGHTNING_FLOW_SCANNER, SALESFORCE_SFDX_SCANNER_APEX, SALESFORCE_SFDX_SCANNER_AURA, SALESFORCE_SFDX_SCANNER_LWC, SPELL_LYCHEE, SPELL_PROSELINT, SPELL_VALE, SQL_SQLFLUFF, SWIFT_SWIFTLINT, TSX_ESLINT, TYPESCRIPT_ES, TYPESCRIPT_PRETTIER
[ApiReporter] Not enabled as API_REPORTER is not defined to true
To receive reports as email, please set variable EMAIL_REPORTER_EMAIL
::endgroup::
::group::MegaLinter now collects the files to analyse (expand for details)
Listing updated files in [/github/workspace] using git diff.
Modified files:
.github/workflows/megalinter.yml
.gitleaks.toml
.grype.yaml
.markdownlint.json
.mega-linter.yml
.pre-commit-config.yaml
.trufflehogignore
.yamllint.yaml
README.md
kics.config
letsencrypt-routeros.bash
sonar-project.properties
- File extensions: , .R, .RMD, .Rmd, .bash, .bicep, .c, .c++, .cc, .cdxml, .clj, .cljc, .cljs, .coffee, .cpp, .cs, .csproj, .css, .cu, .cuh, .cxx, .dart, .dash, .edn, .env, .feature, .go, .gradle, .graphql, .groovy, .gvy, .h, .h++, .hcl, .hh, .hpp, .htm, .html, .hxx, .java, .js, .json, .ksh, .kt, .kts, .lua, .md, .nf, .p6, .php, .pl, .pl6, .pm, .pm6, .pp, .proto, .ps1, .ps1xml, .psd1, .psm1, .psrc, .pssc, .py, .r, .raku, .rakumod, .rakutest, .rb, .rs, .rst, .scala, .sh, .smk, .sql, .t, .tex, .tf, .ts, .vb, .xml, .xsd, .yaml, .yml
- File names (regex): Containerfile, Dockerfile, Jenkinsfile, Snakefile
- Excluding regex: (.venv/|/test/|\.test\.|_test\.|/docs/|/index.html|.github/.*\.html)
- Excluding .gitignored files [0]: 
Kept [9] files on [12] found files
MegaLinter flavor [ci_light] doesn't contain linters ACTION_ACTIONLINT,MARKDOWN_MARKDOWNLINT,MARKDOWN_MARKDOWN_LINK_CHECK,MARKDOWN_MARKDOWN_TABLE_FORMATTER,REPOSITORY_CHECKOV,REPOSITORY_DUSTILOCK,REPOSITORY_KICS,REPOSITORY_SYFT,SPELL_CSPELL.
As they're not available in this docker image, they will not be processed
To solve this problem, please either: 
- use default flavor oxsecurity/megalinter
- add ignored linters in DISABLE or DISABLE_LINTERS variables in your .mega-linter.yml config file located in your root directory
- ignore this message by setting config variable FLAVOR_SUGGESTIONS to false

+----MATCHING LINTERS-----+-----------------------+----------------+------------+
| Descriptor | Linter     | Criteria              | Matching files | Format/Fix |
+------------+------------+-----------------------+----------------+------------+
| BASH       | shellcheck | |.sh|.bash|.dash|.ksh | 1              | yes        |
| BASH       | shfmt      | |.sh|.bash|.dash|.ksh | 1              | yes        |
| JSON       | jsonlint   | .json                 | 1              | yes        |
| JSON       | v8r        | .json                 | 1              | yes        |
| JSON       | prettier   | .json                 | 1              | yes        |
| REPOSITORY | git_diff   |                       | project        | yes        |
| REPOSITORY | gitleaks   |                       | project        | yes        |
| REPOSITORY | grype      |                       | project        | yes        |
| REPOSITORY | secretlint |                       | project        | yes        |
| REPOSITORY | trivy      |                       | project        | yes        |
| REPOSITORY | trivy-sbom |                       | project        | yes        |
| REPOSITORY | trufflehog |                       | project        | yes        |
| YAML       | prettier   | .yml|.yaml            | 5              | yes        |
| YAML       | yamllint   | .yml|.yaml            | 5              | yes        |
| YAML       | v8r        | .yml|.yaml            | 5              | yes        |
+------------+------------+-----------------------+----------------+------------+
::endgroup::
Processing linters on [4] parallel cores… (can be decreased with variable PARALLEL_PROCESS_NUMBER in case of performance issues)
::group::[32m✅ Linted [REPOSITORY] files with [git_diff] successfully - (0.0s)[0m (expand for details)
- Using [git_diff v2.45.2] https://megalinter.io/8.3.0/descriptors/repository_git_diff
- MegaLinter key: [REPOSITORY_GIT_DIFF]
- Rules config: identified by [git_diff]
- Command: [git diff --check]
::endgroup::
[SARIF Reporter] Generated REPOSITORY_GITLEAKS report: /github/workspace/megalinter-reports/sarif/REPOSITORY_GITLEAKS.sarif
::group::[32m✅ Linted [REPOSITORY] files with [gitleaks] successfully - (0.18s)[0m (expand for details)
- Using [gitleaks v8.21.2] https://megalinter.io/8.3.0/descriptors/repository_gitleaks
- MegaLinter key: [REPOSITORY_GITLEAKS]
- Rules config: [/github/workspace/.gitleaks.toml]
- Command: [gitleaks detect --redact --no-git -c /github/workspace/.gitleaks.toml --report-format sarif --report-path /github/workspace/megalinter-reports/sarif/REPOSITORY_GITLEAKS.sarif --verbose --source .]
::endgroup::
[SARIF Reporter] Generated BASH_SHELLCHECK report: /github/workspace/megalinter-reports/sarif/BASH_SHELLCHECK.sarif
::group::[32m✅ Linted [BASH] files with [shellcheck] successfully - (0.22s)[0m (expand for details)
- Using [shellcheck v0.10.0] https://megalinter.io/8.3.0/descriptors/bash_shellcheck
- MegaLinter key: [BASH_SHELLCHECK]
- Rules config: identified by [shellcheck]
- Number of files analyzed: [1]
- Command: [shellcheck --color=auto --external-sources -f json letsencrypt-routeros.bash]
::endgroup::
::group::[32m✅ Linted [BASH] files with [shfmt] successfully - (0.02s)[0m (expand for details)
- Using [shfmt v3.10.0] https://megalinter.io/8.3.0/descriptors/bash_shfmt
- MegaLinter key: [BASH_SHFMT]
- Rules config: identified by [shfmt]
- Number of files analyzed: [1]
- Command: [shfmt -w -i 2 -bn -ci -sr -kp letsencrypt-routeros.bash]
::endgroup::
::group::[32m✅ Linted [JSON] files with [jsonlint] successfully - (0.17s)[0m (expand for details)
- Using [jsonlint v16.0.0] https://megalinter.io/8.3.0/descriptors/json_jsonlint
- MegaLinter key: [JSON_JSONLINT]
- Rules config: identified by [jsonlint]
- Number of files analyzed: [1]
- Command: [jsonlint --quiet .markdownlint.json]
::endgroup::
::group::[32m✅ Linted [YAML] files with [prettier] successfully - (0.45s)[0m (expand for details)
- Using [prettier v3.3.3] https://megalinter.io/8.3.0/descriptors/yaml_prettier
- MegaLinter key: [YAML_PRETTIER]
- Rules config: identified by [prettier]
- Number of files analyzed: [5]
- Command: [prettier --write .github/workflows/megalinter.yml .grype.yaml .mega-linter.yml .pre-commit-config.yaml .yamllint.yaml]
::endgroup::
::group::[32m✅ Linted [YAML] files with [yamllint] successfully - (0.34s)[0m (expand for details)
- Using [yamllint v1.35.1] https://megalinter.io/8.3.0/descriptors/yaml_yamllint
- MegaLinter key: [YAML_YAMLLINT]
- Rules config: [.yamllint.yml]
- Number of files analyzed: [5]
- Command: [yamllint --format standard -c /action/lib/.automation/.yamllint.yml .github/workflows/megalinter.yml .grype.yaml .mega-linter.yml .pre-commit-config.yaml .yamllint.yaml]
::endgroup::
::group::[32m✅ Linted [JSON] files with [v8r] successfully - (2.39s)[0m (expand for details)
- Using [v8r v4.2.0] https://megalinter.io/8.3.0/descriptors/json_v8r
- MegaLinter key: [JSON_V8R]
- Rules config: identified by [v8r]
- Number of files analyzed: [1]
- Command: [v8r --ignore-errors .markdownlint.json]
::endgroup::
::group::[32m✅ Linted [JSON] files with [prettier] successfully - (0.27s)[0m (expand for details)
- Using [prettier v3.3.3] https://megalinter.io/8.3.0/descriptors/json_prettier
- MegaLinter key: [JSON_PRETTIER]
- Rules config: identified by [prettier]
- Number of files analyzed: [1]
- Command: [prettier --write .markdownlint.json]
::endgroup::
::group::[32m✅ Linted [YAML] files with [v8r] successfully - (6.91s)[0m (expand for details)
- Using [v8r v4.2.0] https://megalinter.io/8.3.0/descriptors/yaml_v8r
- MegaLinter key: [YAML_V8R]
- Rules config: identified by [v8r]
- Number of files analyzed: [5]
- Command: [v8r --ignore-errors .github/workflows/megalinter.yml .grype.yaml .mega-linter.yml .pre-commit-config.yaml .yamllint.yaml]
::endgroup::
[SARIF Reporter] Generated REPOSITORY_GRYPE report: /github/workspace/megalinter-reports/sarif/REPOSITORY_GRYPE.sarif
::group::[32m✅ Linted [REPOSITORY] files with [grype] successfully - (10.33s)[0m (expand for details)
- Using [grype v0.79.5] https://megalinter.io/8.3.0/descriptors/repository_grype
- MegaLinter key: [REPOSITORY_GRYPE]
- Rules config: [/github/workspace/.grype.yaml]
- Command: [grype --config /github/workspace/.grype.yaml --output sarif dir:.]
::endgroup::
[SARIF Reporter] Generated REPOSITORY_SECRETLINT report: /github/workspace/megalinter-reports/sarif/REPOSITORY_SECRETLINT.sarif
::group::[32m✅ Linted [REPOSITORY] files with [secretlint] successfully - (0.85s)[0m (expand for details)
- Using [secretlint v9.0.0] https://megalinter.io/8.3.0/descriptors/repository_secretlint
- MegaLinter key: [REPOSITORY_SECRETLINT]
- Rules config: [.secretlintrc.json]
- Command: [secretlint --secretlintrc /action/lib/.automation/.secretlintrc.json --secretlintignore .gitignore --format @secretlint/secretlint-formatter-sarif **/*]
::endgroup::
[SARIF Reporter] Generated REPOSITORY_TRIVY report: /github/workspace/megalinter-reports/sarif/REPOSITORY_TRIVY.sarif
::group::[32m✅ Linted [REPOSITORY] files with [trivy] successfully - (5.56s)[0m (expand for details)
- Using [trivy v0.57.1] https://megalinter.io/8.3.0/descriptors/repository_trivy
- MegaLinter key: [REPOSITORY_TRIVY]
- Rules config: identified by [trivy]
- Command: [trivy fs --scanners vuln,misconfig --exit-code 1 --format sarif -o /github/workspace/megalinter-reports/sarif/REPOSITORY_TRIVY.sarif .]
::endgroup::
::group::[32m✅ Linted [REPOSITORY] files with [trivy-sbom] successfully - (0.07s)[0m (expand for details)
- Using [trivy-sbom v0.57.1] https://megalinter.io/8.3.0/descriptors/repository_trivy_sbom
- MegaLinter key: [REPOSITORY_TRIVY_SBOM]
- Rules config: identified by [trivy-sbom]
- Command: [trivy fs --format cyclonedx --output /github/workspace/megalinter-reports/sarif/REPOSITORY_TRIVY_SBOM.sarif.trivy-sbom.json .]
::endgroup::
::group::[32m✅ Linted [REPOSITORY] files with [trufflehog] successfully - (2.25s)[0m (expand for details)
- Using [trufflehog v3.84.1] https://megalinter.io/8.3.0/descriptors/repository_trufflehog
- MegaLinter key: [REPOSITORY_TRUFFLEHOG]
- Rules config: identified by [trufflehog]
- Command: [trufflehog filesystem . --fail --only-verified --no-update --exclude-paths=.trufflehogignore]
::endgroup::
[Updated Sources Reporter] copied 3 fixed source files in folder /github/workspace/megalinter-reports/updated_sources.
[SARIF Reporter] Generated SARIF report: /github/workspace/megalinter-reports/megalinter-report.sarif
[GitHub Comment Reporter] Posted summary as comment on wesley-dean/routeros_ssl #PR4

+----SUMMARY----+------------+---------------+-------+-------+--------+--------------+
| Descriptor    | Linter     | Mode          | Files | Fixed | Errors | Elapsed time |
+---------------+------------+---------------+-------+-------+--------+--------------+
| ✅ BASH       | shellcheck | list_of_files |     1 |       |      0 |        0.22s |
| ✅ BASH       | shfmt      | list_of_files |     1 |     1 |      0 |        0.02s |
| ✅ JSON       | jsonlint   | list_of_files |     1 |       |      0 |        0.17s |
| ✅ JSON       | prettier   | list_of_files |     1 |     0 |      0 |        0.27s |
| ✅ JSON       | v8r        | list_of_files |     1 |       |      0 |        2.39s |
| ✅ REPOSITORY | gitleaks   | project       |   n/a |       |      0 |        0.18s |
| ✅ REPOSITORY | git_diff   | project       |   n/a |       |      0 |         0.0s |
| ✅ REPOSITORY | grype      | project       |   n/a |       |      0 |       10.33s |
| ✅ REPOSITORY | secretlint | project       |   n/a |       |      0 |        0.85s |
| ✅ REPOSITORY | trivy      | project       |   n/a |       |      0 |        5.56s |
| ✅ REPOSITORY | trivy-sbom | project       |   n/a |       |      0 |        0.07s |
| ✅ REPOSITORY | trufflehog | project       |   n/a |       |      0 |        2.25s |
| ✅ YAML       | prettier   | list_of_files |     5 |     2 |      0 |        0.45s |
| ✅ YAML       | v8r        | list_of_files |     5 |       |      0 |        6.91s |
| ✅ YAML       | yamllint   | list_of_files |     5 |       |      0 |        0.34s |
+---------------+------------+---------------+-------+-------+--------+--------------+

[32m✅ Successfully linted all files without errors[0m
